<?xml version="1.0" encoding="UTF-8"?>
<!-- Generated by org.testng.reporters.JUnitReportReporter -->
<testsuite hostname="LAPTOP-JS5I301N" failures="0" tests="1" name="cucumberOptions.TestRunner" time="42.816" errors="0" timestamp="2021-11-30T17:47:41 IST" skipped="0">
  <testcase classname="cucumberOptions.TestRunner" name="feature" time="42.816"/>
  <system-out/>
</testsuite> <!-- cucumberOptions.TestRunner -->
